
main.elf:     file format elf32-msp430


Disassembly of section .text:

0000f800 <__init_stack>:
    f800:	31 40 80 02 	mov	#640,	r1	;#0x0280

0000f804 <__low_level_init>:
    f804:	b2 40 80 5a 	mov	#23168,	&0x0120	;#0x5a80
    f808:	20 01 

0000f80a <__do_copy_data>:
    f80a:	3f 40 00 00 	mov	#0,	r15	;#0x0000
    f80e:	0f 93       	tst	r15		
    f810:	05 24       	jz	$+12     	;abs 0xf81c
    f812:	2f 83       	decd	r15		
    f814:	9f 4f 42 f8 	mov	-1982(r15),512(r15);0xf842(r15), 0x0200(r15)
    f818:	00 02 
    f81a:	fb 23       	jnz	$-8      	;abs 0xf812

0000f81c <__do_clear_bss>:
    f81c:	3f 40 00 00 	mov	#0,	r15	;#0x0000
    f820:	0f 93       	tst	r15		
    f822:	04 24       	jz	$+10     	;abs 0xf82c
    f824:	1f 83       	dec	r15		
    f826:	cf 43 00 02 	mov.b	#0,	512(r15);r3 As==00, 0x0200(r15)
    f82a:	fc 23       	jnz	$-6      	;abs 0xf824

0000f82c <__jump_to_main>:
    f82c:	30 40 34 f8 	br	#0xf834	

0000f830 <__ctors_end>:
    f830:	30 40 3e f8 	br	#0xf83e	

0000f834 <main>:
    f834:	31 40 80 02 	mov	#640,	r1	;#0x0280
    f838:	0f 43       	clr	r15		
    f83a:	30 40 40 f8 	br	#0xf840	

0000f83e <_unexpected_>:
    f83e:	00 13       	reti			

0000f840 <__stop_progExec__>:
    f840:	ff 3f       	jmp	$+0      	;abs 0xf840

Disassembly of section .vectors:

0000ffe0 <InterruptVectors>:
    ffe0:	30 f8 30 f8 30 f8 30 f8 30 f8 30 f8 30 f8 30 f8     0.0.0.0.0.0.0.0.
    fff0:	30 f8 30 f8 30 f8 30 f8 30 f8 30 f8 30 f8 00 f8     0.0.0.0.0.0.0...
